Generating data
 task 01 of 80
 task 02 of 80
 task 03 of 80
 task 04 of 80
 task 05 of 80
 task 06 of 80
 task 07 of 80
 task 08 of 80
 task 09 of 80
 task 10 of 80
 task 11 of 80
 task 12 of 80
 task 13 of 80
 task 14 of 80
 task 15 of 80
 task 16 of 80
 task 17 of 80
 task 18 of 80
/scratch/gpfs/jiazeh/inversion_test/scratch/solver/000004
/scratch/gpfs/jiazeh/inversion_test/scratch/solver/000005
/scratch/gpfs/jiazeh/inversion_test/scratch/solver/000002
/scratch/gpfs/jiazeh/inversion_test/scratch/solver/000003
/scratch/gpfs/jiazeh/inversion_test/scratch/solver/000001
 task 19 of 80
/scratch/gpfs/jiazeh/inversion_test/scratch/solver/000006
 task 20 of 80
/scratch/gpfs/jiazeh/inversion_test/scratch/solver/000000
 task 21 of 80
/scratch/gpfs/jiazeh/inversion_test/scratch/solver/000007
 task 22 of 80
/scratch/gpfs/jiazeh/inversion_test/scratch/solver/000008
/scratch/gpfs/jiazeh/inversion_test/scratch/solver/000009
 task 23 of 80
 task 24 of 80
 task 25 of 80
/scratch/gpfs/jiazeh/inversion_test/scratch/solver/000010
/scratch/gpfs/jiazeh/inversion_test/scratch/solver/000011
 task 26 of 80
/scratch/gpfs/jiazeh/inversion_test/scratch/solver/000012
 task 27 of 80
/scratch/gpfs/jiazeh/inversion_test/scratch/solver/000013
 task 28 of 80
/scratch/gpfs/jiazeh/inversion_test/scratch/solver/000014
 task 29 of 80
/scratch/gpfs/jiazeh/inversion_test/scratch/solver/000015
 task 30 of 80
/scratch/gpfs/jiazeh/inversion_test/scratch/solver/000016
 task 31 of 80
/scratch/gpfs/jiazeh/inversion_test/scratch/solver/000017
 task 32 of 80
 task 33 of 80
 task 34 of 80
/scratch/gpfs/jiazeh/inversion_test/scratch/solver/000018
/scratch/gpfs/jiazeh/inversion_test/scratch/solver/000019
 task 35 of 80
/scratch/gpfs/jiazeh/inversion_test/scratch/solver/000020
 task 36 of 80
 task 37 of 80
 task 38 of 80
/scratch/gpfs/jiazeh/inversion_test/scratch/solver/000021
 task 39 of 80
/scratch/gpfs/jiazeh/inversion_test/scratch/solver/000022
 task 40 of 80
/scratch/gpfs/jiazeh/inversion_test/scratch/solver/000024
/scratch/gpfs/jiazeh/inversion_test/scratch/solver/000025
 task 41 of 80
/scratch/gpfs/jiazeh/inversion_test/scratch/solver/000023
 task 42 of 80
 task 43 of 80
 task 44 of 80
 task 45 of 80
/scratch/gpfs/jiazeh/inversion_test/scratch/solver/000028
 task 46 of 80
/scratch/gpfs/jiazeh/inversion_test/scratch/solver/000026
 task 47 of 80
 task 48 of 80
 task 49 of 80
/scratch/gpfs/jiazeh/inversion_test/scratch/solver/000029
 task 50 of 80
/scratch/gpfs/jiazeh/inversion_test/scratch/solver/000030
 task 51 of 80
/scratch/gpfs/jiazeh/inversion_test/scratch/solver/000031
 task 52 of 80
 task 53 of 80
/scratch/gpfs/jiazeh/inversion_test/scratch/solver/000032
 task 54 of 80
 task 55 of 80
 task 56 of 80
 task 57 of 80
 task 58 of 80
 task 59 of 80
 task 60 of 80
 task 61 of 80
 task 62 of 80
/scratch/gpfs/jiazeh/inversion_test/scratch/solver/000037
/scratch/gpfs/jiazeh/inversion_test/scratch/solver/000036
/scratch/gpfs/jiazeh/inversion_test/scratch/solver/000035
/scratch/gpfs/jiazeh/inversion_test/scratch/solver/000034
 task 63 of 80
 task 64 of 80
 task 65 of 80
 task 66 of 80
 task 67 of 80
 task 68 of 80
 task 69 of 80
 task 70 of 80
 task 71 of 80
 task 72 of 80
 task 73 of 80
 task 74 of 80
 task 75 of 80
 task 76 of 80
 task 77 of 80
 task 78 of 80
 task 79 of 80
 task 80 of 80
/scratch/gpfs/jiazeh/inversion_test/scratch/solver/000039
/scratch/gpfs/jiazeh/inversion_test/scratch/solver/000054
/scratch/gpfs/jiazeh/inversion_test/scratch/solver/000047
/scratch/gpfs/jiazeh/inversion_test/scratch/solver/000041
/scratch/gpfs/jiazeh/inversion_test/scratch/solver/000042
/scratch/gpfs/jiazeh/inversion_test/scratch/solver/000040
/scratch/gpfs/jiazeh/inversion_test/scratch/solver/000053
/scratch/gpfs/jiazeh/inversion_test/scratch/solver/000048
/scratch/gpfs/jiazeh/inversion_test/scratch/solver/000073
/scratch/gpfs/jiazeh/inversion_test/scratch/solver/000056
/scratch/gpfs/jiazeh/inversion_test/scratch/solver/000078
/scratch/gpfs/jiazeh/inversion_test/scratch/solver/000044
/scratch/gpfs/jiazeh/inversion_test/scratch/solver/000069
/scratch/gpfs/jiazeh/inversion_test/scratch/solver/000043
/scratch/gpfs/jiazeh/inversion_test/scratch/solver/000071
/scratch/gpfs/jiazeh/inversion_test/scratch/solver/000066
/scratch/gpfs/jiazeh/inversion_test/scratch/solver/000070
/scratch/gpfs/jiazeh/inversion_test/scratch/solver/000046
/scratch/gpfs/jiazeh/inversion_test/scratch/solver/000051
/scratch/gpfs/jiazeh/inversion_test/scratch/solver/000068
/scratch/gpfs/jiazeh/inversion_test/scratch/solver/000052
/scratch/gpfs/jiazeh/inversion_test/scratch/solver/000067
/scratch/gpfs/jiazeh/inversion_test/scratch/solver/000045
/scratch/gpfs/jiazeh/inversion_test/scratch/solver/000055
/scratch/gpfs/jiazeh/inversion_test/scratch/solver/000061
/scratch/gpfs/jiazeh/inversion_test/scratch/solver/000075
/scratch/gpfs/jiazeh/inversion_test/scratch/solver/000049
/scratch/gpfs/jiazeh/inversion_test/scratch/solver/000060
/scratch/gpfs/jiazeh/inversion_test/scratch/solver/000058
/scratch/gpfs/jiazeh/inversion_test/scratch/solver/000064
/scratch/gpfs/jiazeh/inversion_test/scratch/solver/000076
/scratch/gpfs/jiazeh/inversion_test/scratch/solver/000050
/scratch/gpfs/jiazeh/inversion_test/scratch/solver/000074
/scratch/gpfs/jiazeh/inversion_test/scratch/solver/000063
/scratch/gpfs/jiazeh/inversion_test/scratch/solver/000059
/scratch/gpfs/jiazeh/inversion_test/scratch/solver/000062
/scratch/gpfs/jiazeh/inversion_test/scratch/solver/000077
/scratch/gpfs/jiazeh/inversion_test/scratch/solver/000079
/scratch/gpfs/jiazeh/inversion_test/scratch/solver/000057
/scratch/gpfs/jiazeh/inversion_test/scratch/solver/000065
/scratch/gpfs/jiazeh/inversion_test/scratch/solver/000072
/scratch/gpfs/jiazeh/inversion_test/scratch/solver/000027
/scratch/gpfs/jiazeh/inversion_test/scratch/solver/000038
/scratch/gpfs/jiazeh/inversion_test/scratch/solver/000033


Starting iteration 1
Generating synthetics
 task 01 of 80
 task 02 of 80
 task 03 of 80
 task 04 of 80
 task 05 of 80
 task 06 of 80
 task 07 of 80
 task 08 of 80
 task 09 of 80
 task 10 of 80
 task 11 of 80
 task 12 of 80
 task 13 of 80
 task 14 of 80
 task 15 of 80
 task 16 of 80
 task 17 of 80
 task 18 of 80
 task 19 of 80
 task 20 of 80
 task 21 of 80
 task 22 of 80
 task 23 of 80
 task 24 of 80
 task 25 of 80
 task 26 of 80
 task 27 of 80
 task 28 of 80
 task 29 of 80
 task 30 of 80
 task 31 of 80
 task 32 of 80
 task 33 of 80
 task 34 of 80
 task 35 of 80
 task 36 of 80
 task 37 of 80
 task 38 of 80
 task 39 of 80
 task 40 of 80
 task 41 of 80
 task 42 of 80
 task 43 of 80
 task 44 of 80
 task 45 of 80
 task 46 of 80
 task 47 of 80
 task 48 of 80
 task 49 of 80
 task 50 of 80
 task 51 of 80
 task 52 of 80
 task 53 of 80
 task 54 of 80
 task 55 of 80
 task 56 of 80
 task 57 of 80
 task 58 of 80
 task 59 of 80
 task 60 of 80
 task 61 of 80
 task 62 of 80
 task 63 of 80
 task 64 of 80
 task 65 of 80
 task 66 of 80
 task 67 of 80
 task 68 of 80
 task 69 of 80
 task 70 of 80
 task 71 of 80
 task 72 of 80
 task 73 of 80
 task 74 of 80
 task 75 of 80
 task 76 of 80
 task 77 of 80
 task 78 of 80
 task 79 of 80
 task 80 of 80

Computing gradient
 task 01 of 80
 task 02 of 80
 task 03 of 80
 task 04 of 80
 task 05 of 80
 task 06 of 80
 task 07 of 80
 task 08 of 80
 task 09 of 80
 task 10 of 80
 task 11 of 80
 task 12 of 80
 task 13 of 80
 task 14 of 80
 task 15 of 80
 task 16 of 80
 task 17 of 80
 task 18 of 80
 task 19 of 80
 task 20 of 80
 task 21 of 80
 task 22 of 80
 task 23 of 80
 task 24 of 80
 task 25 of 80
 task 26 of 80
 task 27 of 80
 task 28 of 80
 task 29 of 80
 task 30 of 80
 task 31 of 80
 task 32 of 80
 task 33 of 80
 task 34 of 80
 task 35 of 80
 task 36 of 80
 task 37 of 80
 task 38 of 80
 task 39 of 80
 task 40 of 80
 task 41 of 80
 task 42 of 80
 task 43 of 80
 task 44 of 80
 task 45 of 80
 task 46 of 80
 task 47 of 80
 task 48 of 80
 task 49 of 80
 task 50 of 80
 task 51 of 80
 task 52 of 80
 task 53 of 80
 task 54 of 80
 task 55 of 80
 task 56 of 80
 task 57 of 80
 task 58 of 80
 task 59 of 80
 task 60 of 80
 task 61 of 80
 task 62 of 80
 task 63 of 80
 task 64 of 80
 task 65 of 80
 task 66 of 80
 task 67 of 80
 task 68 of 80
 task 69 of 80
 task 70 of 80
 task 71 of 80
 task 72 of 80
 task 73 of 80
 task 74 of 80
 task 75 of 80
 task 76 of 80
 task 77 of 80
 task 78 of 80
 task 79 of 80
 task 80 of 80

Computing search direction
Computing step length
 trial step 1
 task 01 of 80
 task 02 of 80
 task 03 of 80
 task 04 of 80
 task 05 of 80
 task 06 of 80
 task 07 of 80
 task 08 of 80
 task 09 of 80
 task 10 of 80
 task 11 of 80
 task 12 of 80
 task 13 of 80
 task 14 of 80
 task 15 of 80
 task 16 of 80
 task 17 of 80
 task 18 of 80
 task 19 of 80
 task 20 of 80
 task 21 of 80
 task 22 of 80
 task 23 of 80
 task 24 of 80
 task 25 of 80
 task 26 of 80
 task 27 of 80
 task 28 of 80
 task 29 of 80
 task 30 of 80
 task 31 of 80
 task 32 of 80
 task 33 of 80
 task 34 of 80
 task 35 of 80
 task 36 of 80
 task 37 of 80
 task 38 of 80
 task 39 of 80
 task 40 of 80
 task 41 of 80
 task 42 of 80
 task 43 of 80
 task 44 of 80
 task 45 of 80
 task 46 of 80
 task 47 of 80
 task 48 of 80
 task 49 of 80
 task 50 of 80
 task 51 of 80
 task 52 of 80
 task 53 of 80
 task 54 of 80
 task 55 of 80
 task 56 of 80
 task 57 of 80
 task 58 of 80
 task 59 of 80
 task 60 of 80
 task 61 of 80
 task 62 of 80
 task 63 of 80
 task 64 of 80
 task 65 of 80
 task 66 of 80
 task 67 of 80
 task 68 of 80
 task 69 of 80
 task 70 of 80
 task 71 of 80
 task 72 of 80
 task 73 of 80
 task 74 of 80
 task 75 of 80
 task 76 of 80
 task 77 of 80
 task 78 of 80
 task 79 of 80
 task 80 of 80

 trial step 2
 task 01 of 80
 task 02 of 80
 task 03 of 80
 task 04 of 80
 task 05 of 80
 task 06 of 80
 task 07 of 80
 task 08 of 80
 task 09 of 80
 task 10 of 80
 task 11 of 80
 task 12 of 80
 task 13 of 80
 task 14 of 80
 task 15 of 80
 task 16 of 80
 task 17 of 80
 task 18 of 80
 task 19 of 80
 task 20 of 80
 task 21 of 80
 task 22 of 80
 task 23 of 80
 task 24 of 80
 task 25 of 80
 task 26 of 80
 task 27 of 80
 task 28 of 80
 task 29 of 80
 task 30 of 80
 task 31 of 80
 task 32 of 80
 task 33 of 80
 task 34 of 80
 task 35 of 80
 task 36 of 80
 task 37 of 80
 task 38 of 80
 task 39 of 80
 task 40 of 80
 task 41 of 80
 task 42 of 80
 task 43 of 80
 task 44 of 80
 task 45 of 80
 task 46 of 80
 task 47 of 80
 task 48 of 80
 task 49 of 80
 task 50 of 80
 task 51 of 80
 task 52 of 80
 task 53 of 80
 task 54 of 80
 task 55 of 80
 task 56 of 80
 task 57 of 80
 task 58 of 80
 task 59 of 80
 task 60 of 80
 task 61 of 80
 task 62 of 80
 task 63 of 80
 task 64 of 80
 task 65 of 80
 task 66 of 80
 task 67 of 80
 task 68 of 80
 task 69 of 80
 task 70 of 80
 task 71 of 80
 task 72 of 80
 task 73 of 80
 task 74 of 80
 task 75 of 80
 task 76 of 80
 task 77 of 80
 task 78 of 80
 task 79 of 80
 task 80 of 80

 trial step 3
 task 01 of 80
 task 02 of 80
 task 03 of 80
 task 04 of 80
 task 05 of 80
 task 06 of 80
 task 07 of 80
 task 08 of 80
 task 09 of 80
 task 10 of 80
 task 11 of 80
 task 12 of 80
 task 13 of 80
 task 14 of 80
 task 15 of 80
 task 16 of 80
 task 17 of 80
 task 18 of 80
 task 19 of 80
 task 20 of 80
 task 21 of 80
 task 22 of 80
 task 23 of 80
 task 24 of 80
 task 25 of 80
 task 26 of 80
 task 27 of 80
 task 28 of 80
 task 29 of 80
 task 30 of 80
 task 31 of 80
 task 32 of 80
 task 33 of 80
 task 34 of 80
 task 35 of 80
 task 36 of 80
 task 37 of 80
 task 38 of 80
 task 39 of 80
 task 40 of 80
 task 41 of 80
 task 42 of 80
 task 43 of 80
 task 44 of 80
 task 45 of 80
 task 46 of 80
 task 47 of 80
 task 48 of 80
 task 49 of 80
 task 50 of 80
 task 51 of 80
 task 52 of 80
 task 53 of 80
 task 54 of 80
 task 55 of 80
 task 56 of 80
 task 57 of 80
 task 58 of 80
 task 59 of 80
 task 60 of 80
 task 61 of 80
 task 62 of 80
 task 63 of 80
 task 64 of 80
 task 65 of 80
 task 66 of 80
 task 67 of 80
 task 68 of 80
 task 69 of 80
 task 70 of 80
 task 71 of 80
 task 72 of 80
 task 73 of 80
 task 74 of 80
 task 75 of 80
 task 76 of 80
 task 77 of 80
 task 78 of 80
 task 79 of 80
 task 80 of 80


Starting iteration 2
Generating synthetics
 task 01 of 80
 task 02 of 80
 task 03 of 80
 task 04 of 80
 task 05 of 80
 task 06 of 80
 task 07 of 80
 task 08 of 80
 task 09 of 80
 task 10 of 80
 task 11 of 80
 task 12 of 80
 task 13 of 80
 task 14 of 80
 task 15 of 80
 task 16 of 80
 task 17 of 80
 task 18 of 80
 task 19 of 80
 task 20 of 80
 task 21 of 80
 task 22 of 80
 task 23 of 80
 task 24 of 80
 task 25 of 80
 task 26 of 80
 task 27 of 80
 task 28 of 80
 task 29 of 80
 task 30 of 80
 task 31 of 80
 task 32 of 80
 task 33 of 80
 task 34 of 80
 task 35 of 80
 task 36 of 80
 task 37 of 80
 task 38 of 80
 task 39 of 80
 task 40 of 80
 task 41 of 80
 task 42 of 80
 task 43 of 80
 task 44 of 80
 task 45 of 80
 task 46 of 80
 task 47 of 80
 task 48 of 80
 task 49 of 80
 task 50 of 80
 task 51 of 80
 task 52 of 80
 task 53 of 80
 task 54 of 80
 task 55 of 80
 task 56 of 80
 task 57 of 80
 task 58 of 80
 task 59 of 80
 task 60 of 80
 task 61 of 80
 task 62 of 80
 task 63 of 80
 task 64 of 80
 task 65 of 80
 task 66 of 80
 task 67 of 80
 task 68 of 80
 task 69 of 80
 task 70 of 80
 task 71 of 80
 task 72 of 80
 task 73 of 80
 task 74 of 80
 task 75 of 80
 task 76 of 80
 task 77 of 80
 task 78 of 80
 task 79 of 80
 task 80 of 80

Computing gradient
 task 01 of 80
 task 02 of 80
 task 03 of 80
 task 04 of 80
 task 05 of 80
 task 06 of 80
 task 07 of 80
 task 08 of 80
 task 09 of 80
 task 10 of 80
 task 11 of 80
 task 12 of 80
 task 13 of 80
 task 14 of 80
 task 15 of 80
 task 16 of 80
 task 17 of 80
 task 18 of 80
 task 19 of 80
 task 20 of 80
 task 21 of 80
 task 22 of 80
 task 23 of 80
 task 24 of 80
 task 25 of 80
 task 26 of 80
 task 27 of 80
 task 28 of 80
 task 29 of 80
 task 30 of 80
 task 31 of 80
 task 32 of 80
 task 33 of 80
 task 34 of 80
 task 35 of 80
 task 36 of 80
 task 37 of 80
 task 38 of 80
 task 39 of 80
 task 40 of 80
 task 41 of 80
 task 42 of 80
 task 43 of 80
 task 44 of 80
 task 45 of 80
 task 46 of 80
 task 47 of 80
 task 48 of 80
 task 49 of 80
 task 50 of 80
 task 51 of 80
 task 52 of 80
 task 53 of 80
 task 54 of 80
 task 55 of 80
 task 56 of 80
 task 57 of 80
 task 58 of 80
 task 59 of 80
 task 60 of 80
 task 61 of 80
 task 62 of 80
 task 63 of 80
 task 64 of 80
 task 65 of 80
 task 66 of 80
 task 67 of 80
 task 68 of 80
 task 69 of 80
 task 70 of 80
 task 71 of 80
 task 72 of 80
 task 73 of 80
 task 74 of 80
 task 75 of 80
 task 76 of 80
 task 77 of 80
 task 78 of 80
 task 79 of 80
 task 80 of 80

Computing search direction
Computing step length
 trial step 1
 task 01 of 80
 task 02 of 80
 task 03 of 80
 task 04 of 80
 task 05 of 80
 task 06 of 80
 task 07 of 80
 task 08 of 80
 task 09 of 80
 task 10 of 80
 task 11 of 80
 task 12 of 80
 task 13 of 80
 task 14 of 80
 task 15 of 80
 task 16 of 80
 task 17 of 80
 task 18 of 80
 task 19 of 80
 task 20 of 80
 task 21 of 80
 task 22 of 80
 task 23 of 80
 task 24 of 80
 task 25 of 80
 task 26 of 80
 task 27 of 80
 task 28 of 80
 task 29 of 80
 task 30 of 80
 task 31 of 80
 task 32 of 80
 task 33 of 80
 task 34 of 80
 task 35 of 80
 task 36 of 80
 task 37 of 80
 task 38 of 80
 task 39 of 80
 task 40 of 80
 task 41 of 80
 task 42 of 80
 task 43 of 80
 task 44 of 80
 task 45 of 80
 task 46 of 80
 task 47 of 80
 task 48 of 80
 task 49 of 80
 task 50 of 80
 task 51 of 80
 task 52 of 80
 task 53 of 80
 task 54 of 80
 task 55 of 80
 task 56 of 80
 task 57 of 80
 task 58 of 80
 task 59 of 80
 task 60 of 80
 task 61 of 80
 task 62 of 80
 task 63 of 80
 task 64 of 80
 task 65 of 80
 task 66 of 80
 task 67 of 80
 task 68 of 80
 task 69 of 80
 task 70 of 80
 task 71 of 80
 task 72 of 80
 task 73 of 80
 task 74 of 80
 task 75 of 80
 task 76 of 80
 task 77 of 80
 task 78 of 80
 task 79 of 80
 task 80 of 80


Starting iteration 3
Generating synthetics
 task 01 of 80
 task 02 of 80
 task 03 of 80
 task 04 of 80
 task 05 of 80
 task 06 of 80
 task 07 of 80
 task 08 of 80
 task 09 of 80
 task 10 of 80
 task 11 of 80
 task 12 of 80
 task 13 of 80
 task 14 of 80
 task 15 of 80
 task 16 of 80
 task 17 of 80
 task 18 of 80
 task 19 of 80
 task 20 of 80
 task 21 of 80
 task 22 of 80
 task 23 of 80
 task 24 of 80
 task 25 of 80
 task 26 of 80
 task 27 of 80
 task 28 of 80
 task 29 of 80
 task 30 of 80
 task 31 of 80
 task 32 of 80
 task 33 of 80
 task 34 of 80
 task 35 of 80
 task 36 of 80
 task 37 of 80
 task 38 of 80
 task 39 of 80
 task 40 of 80
 task 41 of 80
 task 42 of 80
 task 43 of 80
 task 44 of 80
 task 45 of 80
 task 46 of 80
 task 47 of 80
 task 48 of 80
 task 49 of 80
 task 50 of 80
 task 51 of 80
 task 52 of 80
 task 53 of 80
 task 54 of 80
 task 55 of 80
 task 56 of 80
 task 57 of 80
 task 58 of 80
 task 59 of 80
 task 60 of 80
 task 61 of 80
 task 62 of 80
 task 63 of 80
 task 64 of 80
 task 65 of 80
 task 66 of 80
 task 67 of 80
 task 68 of 80
 task 69 of 80
 task 70 of 80
 task 71 of 80
 task 72 of 80
 task 73 of 80
 task 74 of 80
 task 75 of 80
 task 76 of 80
 task 77 of 80
 task 78 of 80
 task 79 of 80
 task 80 of 80

Computing gradient
 task 01 of 80
 task 02 of 80
 task 03 of 80
 task 04 of 80
 task 05 of 80
 task 06 of 80
 task 07 of 80
 task 08 of 80
 task 09 of 80
 task 10 of 80
 task 11 of 80
 task 12 of 80
 task 13 of 80
 task 14 of 80
 task 15 of 80
 task 16 of 80
 task 17 of 80
 task 18 of 80
 task 19 of 80
 task 20 of 80
 task 21 of 80
 task 22 of 80
 task 23 of 80
 task 24 of 80
 task 25 of 80
 task 26 of 80
 task 27 of 80
 task 28 of 80
 task 29 of 80
 task 30 of 80
 task 31 of 80
 task 32 of 80
 task 33 of 80
 task 34 of 80
 task 35 of 80
 task 36 of 80
 task 37 of 80
 task 38 of 80
 task 39 of 80
 task 40 of 80
 task 41 of 80
 task 42 of 80
 task 43 of 80
 task 44 of 80
 task 45 of 80
 task 46 of 80
 task 47 of 80
 task 48 of 80
 task 49 of 80
 task 50 of 80
 task 51 of 80
 task 52 of 80
 task 53 of 80
 task 54 of 80
 task 55 of 80
 task 56 of 80
 task 57 of 80
 task 58 of 80
 task 59 of 80
 task 60 of 80
 task 61 of 80
 task 62 of 80
 task 63 of 80
 task 64 of 80
 task 65 of 80
 task 66 of 80
 task 67 of 80
 task 68 of 80
 task 69 of 80
 task 70 of 80
 task 71 of 80
 task 72 of 80
 task 73 of 80
 task 74 of 80
 task 75 of 80
 task 76 of 80
 task 77 of 80
 task 78 of 80
 task 79 of 80
 task 80 of 80

Computing search direction
Computing step length
 trial step 1
 task 01 of 80
 task 02 of 80
 task 03 of 80
 task 04 of 80
 task 05 of 80
 task 06 of 80
 task 07 of 80
 task 08 of 80
 task 09 of 80
 task 10 of 80
 task 11 of 80
 task 12 of 80
 task 13 of 80
 task 14 of 80
 task 15 of 80
 task 16 of 80
 task 17 of 80
 task 18 of 80
 task 19 of 80
 task 20 of 80
 task 21 of 80
 task 22 of 80
 task 23 of 80
 task 24 of 80
 task 25 of 80
 task 26 of 80
 task 27 of 80
 task 28 of 80
 task 29 of 80
 task 30 of 80
 task 31 of 80
 task 32 of 80
 task 33 of 80
 task 34 of 80
 task 35 of 80
 task 36 of 80
 task 37 of 80
 task 38 of 80
 task 39 of 80
 task 40 of 80
 task 41 of 80
 task 42 of 80
 task 43 of 80
 task 44 of 80
 task 45 of 80
 task 46 of 80
 task 47 of 80
 task 48 of 80
 task 49 of 80
 task 50 of 80
 task 51 of 80
 task 52 of 80
 task 53 of 80
 task 54 of 80
 task 55 of 80
 task 56 of 80
 task 57 of 80
 task 58 of 80
 task 59 of 80
 task 60 of 80
 task 61 of 80
 task 62 of 80
 task 63 of 80
 task 64 of 80
 task 65 of 80
 task 66 of 80
 task 67 of 80
 task 68 of 80
 task 69 of 80
 task 70 of 80
 task 71 of 80
 task 72 of 80
 task 73 of 80
 task 74 of 80
 task 75 of 80
 task 76 of 80
 task 77 of 80
 task 78 of 80
 task 79 of 80
 task 80 of 80


Starting iteration 4
Generating synthetics
 task 01 of 80
 task 02 of 80
 task 03 of 80
 task 04 of 80
 task 05 of 80
 task 06 of 80
 task 07 of 80
 task 08 of 80
 task 09 of 80
 task 10 of 80
 task 11 of 80
 task 12 of 80
 task 13 of 80
 task 14 of 80
 task 15 of 80
 task 16 of 80
 task 17 of 80
 task 18 of 80
 task 19 of 80
 task 20 of 80
 task 21 of 80
 task 22 of 80
 task 23 of 80
 task 24 of 80
 task 25 of 80
 task 26 of 80
 task 27 of 80
 task 28 of 80
 task 29 of 80
 task 30 of 80
 task 31 of 80
 task 32 of 80
 task 33 of 80
 task 34 of 80
 task 35 of 80
 task 36 of 80
 task 37 of 80
 task 38 of 80
 task 39 of 80
 task 40 of 80
 task 41 of 80
 task 42 of 80
 task 43 of 80
 task 44 of 80
 task 45 of 80
 task 46 of 80
 task 47 of 80
 task 48 of 80
 task 49 of 80
 task 50 of 80
 task 51 of 80
 task 52 of 80
 task 53 of 80
 task 54 of 80
 task 55 of 80
 task 56 of 80
 task 57 of 80
 task 58 of 80
 task 59 of 80
 task 60 of 80
 task 61 of 80
 task 62 of 80
 task 63 of 80
 task 64 of 80
 task 65 of 80
 task 66 of 80
 task 67 of 80
 task 68 of 80
 task 69 of 80
 task 70 of 80
 task 71 of 80
 task 72 of 80
 task 73 of 80
 task 74 of 80
 task 75 of 80
 task 76 of 80
 task 77 of 80
 task 78 of 80
 task 79 of 80
 task 80 of 80

Computing gradient
 task 01 of 80
 task 02 of 80
 task 03 of 80
 task 04 of 80
 task 05 of 80
 task 06 of 80
 task 07 of 80
 task 08 of 80
 task 09 of 80
 task 10 of 80
 task 11 of 80
 task 12 of 80
 task 13 of 80
 task 14 of 80
 task 15 of 80
 task 16 of 80
 task 17 of 80
 task 18 of 80
 task 19 of 80
 task 20 of 80
 task 21 of 80
 task 22 of 80
 task 23 of 80
 task 24 of 80
 task 25 of 80
 task 26 of 80
 task 27 of 80
 task 28 of 80
 task 29 of 80
 task 30 of 80
 task 31 of 80
 task 32 of 80
 task 33 of 80
 task 34 of 80
 task 35 of 80
 task 36 of 80
 task 37 of 80
 task 38 of 80
 task 39 of 80
 task 40 of 80
 task 41 of 80
 task 42 of 80
 task 43 of 80
 task 44 of 80
 task 45 of 80
 task 46 of 80
 task 47 of 80
 task 48 of 80
 task 49 of 80
 task 50 of 80
 task 51 of 80
 task 52 of 80
 task 53 of 80
 task 54 of 80
 task 55 of 80
 task 56 of 80
 task 57 of 80
 task 58 of 80
 task 59 of 80
 task 60 of 80
 task 61 of 80
 task 62 of 80
 task 63 of 80
 task 64 of 80
 task 65 of 80
 task 66 of 80
 task 67 of 80
 task 68 of 80
 task 69 of 80
 task 70 of 80
 task 71 of 80
 task 72 of 80
 task 73 of 80
 task 74 of 80
 task 75 of 80
 task 76 of 80
 task 77 of 80
 task 78 of 80
 task 79 of 80
 task 80 of 80

Computing search direction
Computing step length
 trial step 1
 task 01 of 80
 task 02 of 80
 task 03 of 80
 task 04 of 80
 task 05 of 80
 task 06 of 80
 task 07 of 80
 task 08 of 80
 task 09 of 80
 task 10 of 80
 task 11 of 80
 task 12 of 80
 task 13 of 80
 task 14 of 80
 task 15 of 80
 task 16 of 80
 task 17 of 80
 task 18 of 80
 task 19 of 80
 task 20 of 80
 task 21 of 80
 task 22 of 80
 task 23 of 80
 task 24 of 80
 task 25 of 80
 task 26 of 80
 task 27 of 80
 task 28 of 80
 task 29 of 80
 task 30 of 80
 task 31 of 80
 task 32 of 80
 task 33 of 80
 task 34 of 80
 task 35 of 80
 task 36 of 80
 task 37 of 80
 task 38 of 80
 task 39 of 80
 task 40 of 80
 task 41 of 80
 task 42 of 80
 task 43 of 80
 task 44 of 80
 task 45 of 80
 task 46 of 80
 task 47 of 80
 task 48 of 80
 task 49 of 80
 task 50 of 80
 task 51 of 80
 task 52 of 80
 task 53 of 80
 task 54 of 80
 task 55 of 80
 task 56 of 80
 task 57 of 80
 task 58 of 80
 task 59 of 80
 task 60 of 80
 task 61 of 80
 task 62 of 80
 task 63 of 80
 task 64 of 80
 task 65 of 80
 task 66 of 80
 task 67 of 80
 task 68 of 80
 task 69 of 80
 task 70 of 80
 task 71 of 80
 task 72 of 80
 task 73 of 80
 task 74 of 80
 task 75 of 80
 task 76 of 80
 task 77 of 80
 task 78 of 80
 task 79 of 80
 task 80 of 80


Starting iteration 5
Generating synthetics
 task 01 of 80
 task 02 of 80
 task 03 of 80
 task 04 of 80
 task 05 of 80
 task 06 of 80
 task 07 of 80
 task 08 of 80
 task 09 of 80
 task 10 of 80
 task 11 of 80
 task 12 of 80
 task 13 of 80
 task 14 of 80
 task 15 of 80
 task 16 of 80
 task 17 of 80
 task 18 of 80
 task 19 of 80
 task 20 of 80
 task 21 of 80
 task 22 of 80
 task 23 of 80
 task 24 of 80
 task 25 of 80
 task 26 of 80
 task 27 of 80
 task 28 of 80
 task 29 of 80
 task 30 of 80
 task 31 of 80
 task 32 of 80
 task 33 of 80
 task 34 of 80
 task 35 of 80
 task 36 of 80
 task 37 of 80
 task 38 of 80
 task 39 of 80
 task 40 of 80
 task 41 of 80
 task 42 of 80
 task 43 of 80
 task 44 of 80
 task 45 of 80
 task 46 of 80
 task 47 of 80
 task 48 of 80
 task 49 of 80
 task 50 of 80
 task 51 of 80
 task 52 of 80
 task 53 of 80
 task 54 of 80
 task 55 of 80
 task 56 of 80
 task 57 of 80
 task 58 of 80
 task 59 of 80
 task 60 of 80
 task 61 of 80
 task 62 of 80
 task 63 of 80
 task 64 of 80
 task 65 of 80
 task 66 of 80
 task 67 of 80
 task 68 of 80
 task 69 of 80
 task 70 of 80
 task 71 of 80
 task 72 of 80
 task 73 of 80
 task 74 of 80
 task 75 of 80
 task 76 of 80
 task 77 of 80
 task 78 of 80
 task 79 of 80
 task 80 of 80

Computing gradient
 task 01 of 80
 task 02 of 80
 task 03 of 80
 task 04 of 80
 task 05 of 80
 task 06 of 80
 task 07 of 80
 task 08 of 80
 task 09 of 80
 task 10 of 80
 task 11 of 80
 task 12 of 80
 task 13 of 80
 task 14 of 80
 task 15 of 80
 task 16 of 80
 task 17 of 80
 task 18 of 80
 task 19 of 80
 task 20 of 80
 task 21 of 80
 task 22 of 80
 task 23 of 80
 task 24 of 80
 task 25 of 80
 task 26 of 80
 task 27 of 80
 task 28 of 80
 task 29 of 80
 task 30 of 80
 task 31 of 80
 task 32 of 80
 task 33 of 80
 task 34 of 80
 task 35 of 80
 task 36 of 80
 task 37 of 80
 task 38 of 80
 task 39 of 80
 task 40 of 80
 task 41 of 80
 task 42 of 80
 task 43 of 80
 task 44 of 80
 task 45 of 80
 task 46 of 80
 task 47 of 80
 task 48 of 80
 task 49 of 80
 task 50 of 80
 task 51 of 80
 task 52 of 80
 task 53 of 80
 task 54 of 80
 task 55 of 80
 task 56 of 80
 task 57 of 80
 task 58 of 80
 task 59 of 80
 task 60 of 80
 task 61 of 80
 task 62 of 80
 task 63 of 80
 task 64 of 80
 task 65 of 80
 task 66 of 80
 task 67 of 80
 task 68 of 80
 task 69 of 80
 task 70 of 80
 task 71 of 80
 task 72 of 80
 task 73 of 80
 task 74 of 80
 task 75 of 80
 task 76 of 80
 task 77 of 80
 task 78 of 80
 task 79 of 80
 task 80 of 80
slurmstepd: error: *** JOB 2046890 ON tiger-h26c2n3 CANCELLED AT 2019-01-08T04:10:20 DUE TO TIME LIMIT ***
